min: 9, max: 11, c: p, password: pppppppppxblp, count: 10
min: 2, max: 4, c: b, password: bbxbb, count: 4
min: 3, max: 5, c: q, password: dqfqb, count: 2
min: 5, max: 8, c: g, password: ggcgggglg, count: 7
min: 10, max: 18, c: l, password: gllpmlgtrmnllhllrlll, count: 10
min: 18, max: 19, c: z, password: zzzzznszzzzzzzzzzzxz, count: 17
min: 3, max: 6, c: r, password: frrhxsnrmgmw, count: 3
min: 1, max: 8, c: n, password: zkxhnxnzghnm, count: 3
min: 11, max: 12, c: z, password: zzczzzztlzlzzzz, count: 11
min: 4, max: 7, c: q, password: qqqbncqqq, count: 6
min: 3, max: 4, c: c, password: ccvfc, count: 3
min: 19, max: 20, c: l, password: sltlklljdlzglwllllzl, count: 11
min: 6, max: 16, c: h, password: dhhhrhvhnhdchfsnhq, count: 8
min: 3, max: 7, c: l, password: fllllqjlll, count: 7
min: 8, max: 9, c: k, password: xkkjqklkm, count: 4
min: 1, max: 2, c: l, password: llgpl, count: 3
min: 2, max: 4, c: x, password: qkjxvqlv, count: 1
min: 5, max: 6, c: c, password: cwcccjch, count: 5
min: 3, max: 7, c: n, password: bnnhnwnqtdnndnncnd, count: 9
min: 8, max: 9, c: n, password: nnrkmdnkn, count: 4
min: 6, max: 9, c: t, password: ttttrtltptgvcd, count: 7
min: 3, max: 4, c: h, password: hhwhhhdhhhh, count: 9
min: 7, max: 8, c: w, password: wdwvcwwszcwwwwwq, count: 9
min: 2, max: 4, c: n, password: vnng, count: 2
min: 3, max: 13, c: v, password: vvvvvvvvvvvvjv, count: 13
min: 9, max: 11, c: c, password: zcccccccccfcbccc, count: 13
min: 10, max: 11, c: w, password: wkwwwwwwwxw, count: 9
min: 10, max: 12, c: z, password: zzzzzjzzzrnzz, count: 10
min: 5, max: 6, c: t, password: ttttts, count: 5
min: 13, max: 19, c: b, password: bbmfbbbbbrbbgbbbrbbb, count: 15
min: 8, max: 9, c: d, password: bdddvkddjbdgdd, count: 8
min: 19, max: 20, c: m, password: mmmmmmmmmcmmmmmmmmmq, count: 18
min: 6, max: 18, c: w, password: wwwwwwhwjwwwwwwcwjw, count: 15
min: 4, max: 10, c: t, password: tttttttttj, count: 9
min: 2, max: 7, c: j, password: fbdgmfjbjgjn, count: 3
min: 7, max: 8, c: w, password: wwwwwwcww, count: 8
min: 8, max: 12, c: c, password: cbmdccbccckjccch, count: 9
min: 13, max: 15, c: f, password: fpfffffffffffqf, count: 13
min: 7, max: 11, c: t, password: sbtstwdxjpclwd, count: 2
min: 1, max: 3, c: s, password: shkkqcs, count: 2
min: 7, max: 8, c: l, password: bdggzczl, count: 1
min: 1, max: 6, c: g, password: zgggggglggggggw, count: 12
min: 12, max: 16, c: h, password: hhhhhhhhhhhhhhphhhh, count: 18
min: 8, max: 19, c: k, password: htknkhkrkdkhkpwppkk, count: 8
min: 8, max: 10, c: k, password: kkxkkkbrkgk, count: 7
min: 8, max: 9, c: h, password: hvhhhhhfhhv, count: 8
min: 15, max: 16, c: x, password: xxxxxxxxxxxxxxxh, count: 15
min: 1, max: 12, c: b, password: bgwpjbkhbptsbbb, count: 6
min: 9, max: 10, c: j, password: pjtjpjpnbjjlsgbn, count: 5
min: 8, max: 9, c: s, password: sscplbswssssglxs, count: 8
min: 14, max: 15, c: j, password: jjjhjjjjjjxjjjj, count: 13
min: 1, max: 4, c: q, password: qnqj, count: 2
min: 3, max: 5, c: d, password: qpdddqvwbzldf, count: 4
min: 14, max: 15, c: b, password: bbbbbbbbbbbbbbt, count: 14
min: 1, max: 2, c: t, password: tdxt, count: 2
min: 1, max: 7, c: g, password: dlpkvrgjzpnr, count: 1
min: 3, max: 11, c: m, password: lmnwjjxpfmm, count: 3
min: 3, max: 8, c: l, password: llglllllll, count: 9
min: 2, max: 4, c: r, password: gfmrlbmsvqzrmbnd, count: 2
min: 5, max: 9, c: s, password: srsqssssds, count: 7
min: 8, max: 9, c: v, password: vvvvmvvvhw, count: 7
min: 7, max: 10, c: d, password: mddwdvjdcdwdcgddd, count: 9
min: 4, max: 7, c: k, password: fksjkkkk, count: 5
min: 6, max: 9, c: t, password: fnrxmlwtt, count: 2
min: 11, max: 12, c: d, password: dddddddddfmd, count: 10
min: 4, max: 5, c: z, password: zzdzzzz, count: 6
min: 11, max: 13, c: z, password: zzzzzzzzzzpzmzzz, count: 14
min: 12, max: 14, c: z, password: zrgnvcrxkzzzrb, count: 4
min: 10, max: 13, c: q, password: qpqqqqqrqxvqq, count: 9
min: 6, max: 10, c: g, password: gglggggggzgggg, count: 12
min: 2, max: 8, c: j, password: jfqjrdjjjjjj, count: 8
min: 7, max: 8, c: z, password: hzlvrczjp, count: 2
min: 4, max: 5, c: k, password: kggjkl, count: 2
min: 4, max: 7, c: m, password: mpmmmcmm, count: 6
min: 13, max: 14, c: x, password: xxxxxxzxxxxxxw, count: 12
min: 6, max: 7, c: n, password: znnnnnlpjcn, count: 6
min: 10, max: 16, c: g, password: gggzvgggntggfgghggg, count: 13
min: 2, max: 17, c: n, password: hnchrpvzhkdsnhgcnfql, count: 3
min: 2, max: 8, c: f, password: fkfpffff, count: 6
min: 4, max: 7, c: s, password: qwdspspj, count: 2
min: 6, max: 7, c: r, password: rrrrrnx, count: 5
min: 7, max: 8, c: p, password: wpppppsp, count: 6
min: 8, max: 10, c: m, password: mmmwmjmmmvmzpm, count: 9
min: 6, max: 7, c: j, password: jjjjjncd, count: 5
min: 3, max: 4, c: k, password: kxkk, count: 3
min: 2, max: 4, c: z, password: czzmzz, count: 4
min: 11, max: 12, c: t, password: tttttttttttzkp, count: 11
min: 10, max: 17, c: t, password: ttttvtltdttrqtztr, count: 10
min: 3, max: 6, c: n, password: nnnnvvxv, count: 4
min: 7, max: 8, c: v, password: rvvpvvvpsvv, count: 7
min: 1, max: 2, c: r, password: nkfgnr, count: 1
min: 4, max: 11, c: c, password: cccbccclcccc, count: 10
min: 7, max: 12, c: q, password: qpbqtqkqqqqqqq, count: 10
min: 2, max: 7, c: m, password: mfmmmmmmxmnm, count: 9
min: 10, max: 11, c: n, password: bnnnpnnncxrnnnn, count: 10
min: 10, max: 14, c: n, password: nsnnnnnwljnsnnn, count: 10
min: 5, max: 9, c: b, password: vcvcblrxbvjbtzbrmbr, count: 5
min: 3, max: 9, c: m, password: kmmmmxmmkmmk, count: 8
min: 2, max: 10, c: l, password: llbllgzllnlll, count: 9
min: 5, max: 6, c: d, password: ddpdwdddxhpdqd, count: 8
min: 12, max: 18, c: j, password: cjfbjccqgxlczjptqlk, count: 3
min: 1, max: 3, c: z, password: mzzz, count: 3
min: 5, max: 11, c: m, password: mdfmmmmtmgw, count: 6
min: 2, max: 14, c: h, password: nhhnbhghhlhhchsqsr, count: 8
min: 3, max: 4, c: t, password: jvtt, count: 2
min: 2, max: 8, c: t, password: tttkxxtsttht, count: 7
min: 7, max: 15, c: w, password: wwwwfwwwwwwrbww, count: 12
min: 1, max: 4, c: j, password: rbjj, count: 2
min: 8, max: 12, c: f, password: ffkhffffcsfzff, count: 9
min: 10, max: 12, c: p, password: pppcgpqphprh, count: 6
min: 10, max: 11, c: l, password: lllllllllsl, count: 10
min: 7, max: 8, c: s, password: svsssssss, count: 8
min: 4, max: 5, c: c, password: cvjcc, count: 3
min: 1, max: 5, c: v, password: vcdcd, count: 1
min: 5, max: 14, c: z, password: zzwkzztzzzzzbzzvzzz, count: 14
min: 11, max: 12, c: s, password: sssssssssssps, count: 12
min: 5, max: 7, c: b, password: spmtbpn, count: 1
min: 5, max: 6, c: c, password: cccccf, count: 5
min: 10, max: 12, c: p, password: ptpppppppppk, count: 10
min: 4, max: 13, c: f, password: ffkffffkffflb, count: 9
min: 2, max: 5, c: t, password: nttqftpnwbjbxmqdqv, count: 3
min: 17, max: 18, c: w, password: wwwwtwwwwwwwwwwwkwww, count: 18
min: 7, max: 9, c: f, password: lmrffdbffvfmf, count: 6
min: 2, max: 5, c: h, password: hhhvzrhh, count: 5
min: 10, max: 11, c: q, password: qmdrdfqgzql, count: 3
min: 3, max: 11, c: g, password: ggggggggggm, count: 10
min: 4, max: 5, c: z, password: zzzrzzp, count: 5
min: 5, max: 7, c: w, password: wwwwkwwww, count: 8
min: 10, max: 11, c: f, password: ffffffffffp, count: 10
min: 6, max: 9, c: v, password: vvvvvvvmv, count: 8
min: 4, max: 5, c: x, password: wjxxxxxtd, count: 5
min: 12, max: 13, c: p, password: vppppppppppzbp, count: 11
min: 2, max: 7, c: b, password: bqntbls, count: 2
min: 15, max: 16, c: p, password: ppppppppppppzpfxn, count: 13
min: 2, max: 3, c: b, password: bbcnbq, count: 3
min: 10, max: 11, c: k, password: kkkklkmkkhk, count: 8
min: 4, max: 6, c: w, password: wwwdjb, count: 3
min: 4, max: 6, c: b, password: sczlwbnffbnxbvjbmj, count: 4
min: 3, max: 17, c: m, password: jmmlmmmgmmmjmmmmmlmm, count: 15
min: 6, max: 18, c: z, password: zmkwvzkpqzmzdfgdvt, count: 4
min: 5, max: 6, c: q, password: sqwqqq, count: 4
min: 1, max: 3, c: g, password: gjgt, count: 2
min: 5, max: 8, c: x, password: bxcxxzxxws, count: 5
min: 4, max: 5, c: c, password: rnscvcngbcmpddkcvctk, count: 5
min: 7, max: 11, c: g, password: ggggglvgggngg, count: 10
min: 2, max: 11, c: l, password: lsqlzlllllklgfl, count: 9
min: 2, max: 9, c: m, password: cmqkbmdxp, count: 2
min: 6, max: 7, c: w, password: wwwwwww, count: 7
min: 8, max: 13, c: q, password: qbqzqqqqqlqqw, count: 9
min: 3, max: 4, c: n, password: sfqnnnwvzn, count: 4
min: 1, max: 2, c: w, password: nwww, count: 3
min: 2, max: 4, c: v, password: hvvbqgnfl, count: 2
min: 14, max: 15, c: m, password: gjgdmmmmkmqqcxmrsm, count: 7
min: 2, max: 3, c: z, password: zzzx, count: 3
min: 5, max: 13, c: q, password: qqqqdqqqqqtqjqq, count: 12
min: 4, max: 5, c: z, password: zzzzk, count: 4
min: 5, max: 6, c: t, password: tttttf, count: 5
min: 3, max: 6, c: z, password: ztwzczkz, count: 4
min: 3, max: 5, c: l, password: llpljllllllll, count: 11
min: 2, max: 3, c: s, password: ssscp, count: 3
min: 8, max: 10, c: d, password: dddddddwdddddwddg, count: 14
min: 2, max: 6, c: s, password: sbssps, count: 4
min: 1, max: 5, c: f, password: ffbfvfxbkmbhvbcfmxpf, count: 6
min: 1, max: 6, c: j, password: gqfrmjgsgjjhcjhn, count: 4
min: 2, max: 5, c: l, password: lwvllll, count: 5
min: 2, max: 5, c: z, password: zkzhzb, count: 3
min: 10, max: 11, c: s, password: wsblfxvmvsslbhfjtsws, count: 5
min: 11, max: 17, c: f, password: fffffffxfffffffftfff, count: 18
min: 4, max: 5, c: r, password: rrrkbrr, count: 5
min: 7, max: 10, c: w, password: qwqwwwgzrdxww, count: 6
min: 6, max: 8, c: s, password: ssssssscs, count: 8
min: 4, max: 6, c: q, password: qbqwqzfqcfgkmzqxb, count: 5
min: 6, max: 10, c: t, password: ttncfqqtttttp, count: 7
min: 2, max: 4, c: m, password: bbzcjjqmfvln, count: 1
min: 4, max: 7, c: n, password: cnqhntshdnnrnrnz, count: 6
min: 7, max: 12, c: d, password: vmdndkzpmcbd, count: 3
min: 6, max: 7, c: p, password: tpqpppzpjp, count: 6
min: 3, max: 10, c: r, password: rgrrrpzrbrrr, count: 8
min: 2, max: 15, c: h, password: ghbfhbgrtxrshphhl, count: 5
min: 2, max: 6, c: j, password: pjjjjlj, count: 5
min: 6, max: 9, c: j, password: rjrjjjwfjn, count: 5
min: 10, max: 13, c: s, password: sssssssssjsssssss, count: 16
min: 1, max: 6, c: c, password: crnjccgnw, count: 3
min: 6, max: 7, c: l, password: qrllgql, count: 3
min: 12, max: 13, c: z, password: wzzzzzzzzzzfz, count: 11
min: 1, max: 2, c: c, password: ccclc, count: 4
min: 2, max: 6, c: f, password: qdlflfr, count: 2
min: 4, max: 10, c: r, password: drrrrrwrfrr, count: 8
min: 5, max: 6, c: f, password: ffzffnf, count: 5
min: 4, max: 6, c: p, password: hkppkbppp, count: 5
min: 8, max: 9, c: r, password: rrrrrrrrx, count: 8
min: 4, max: 12, c: f, password: fffffffffffwqp, count: 11
min: 4, max: 6, c: q, password: qtqtjq, count: 3
min: 4, max: 5, c: w, password: wwwcw, count: 4
min: 2, max: 3, c: r, password: qrrr, count: 3
min: 7, max: 10, c: k, password: nkpgzskkrb, count: 3
min: 6, max: 9, c: h, password: hmsshhhwhhhhh, count: 9
min: 2, max: 18, c: d, password: kxqddddqddsmddcdddwd, count: 12
min: 6, max: 7, c: s, password: sssssssss, count: 9
min: 4, max: 8, c: h, password: hhhbthhhhh, count: 8
min: 1, max: 8, c: d, password: dtsbqtrpwdgfdzrtf, count: 3
min: 6, max: 7, c: b, password: bbbbbwp, count: 5
min: 5, max: 6, c: p, password: ppnpqjp, count: 4
min: 4, max: 13, c: l, password: rtqpmllslrlxcblldqtc, count: 6
min: 3, max: 4, c: m, password: wmmkcm, count: 3
min: 4, max: 16, c: b, password: qkbvbvgxtlqbgmwc, count: 3
min: 4, max: 5, c: h, password: hhhlghh, count: 5
min: 10, max: 11, c: f, password: fjfffffffgjff, count: 10
min: 9, max: 12, c: w, password: gwnfvwwrwswnqrvg, count: 5
min: 4, max: 8, c: k, password: pjkkfkbqqzkmfk, count: 5
min: 2, max: 8, c: x, password: xwxxxxxcxxx, count: 9
min: 11, max: 19, c: w, password: wwwwwdjwwwrrwwlvwwww, count: 14
min: 4, max: 14, c: w, password: rwqhwqwwlhpwfwwpww, count: 9
min: 7, max: 9, c: j, password: vjjjjqdjjjjjj, count: 10
min: 15, max: 17, c: x, password: kxrmxjvxxxvxxxzxxxf, count: 11
min: 3, max: 10, c: p, password: pwpxppzgdrrx, count: 4
min: 1, max: 5, c: p, password: ppppp, count: 5
min: 10, max: 19, c: n, password: vfnwnjstnnjnqnngnzs, count: 8
min: 2, max: 5, c: m, password: phsmq, count: 1
min: 5, max: 6, c: m, password: mmmmxmm, count: 6
min: 2, max: 12, c: f, password: tftgcmcblzcljsdlbvf, count: 2
min: 6, max: 11, c: b, password: hbbbbbbbzhwbtbbhmrb, count: 11
min: 7, max: 11, c: j, password: jjjjjjvjjjq, count: 9
min: 3, max: 4, c: d, password: dddgddnmd, count: 6
min: 11, max: 14, c: f, password: fxfffffftqfflffffpf, count: 14
min: 14, max: 16, c: x, password: xxxxxcxxxxjgxxvt, count: 11
min: 6, max: 7, c: h, password: hhhhhht, count: 6
min: 7, max: 8, c: h, password: hhhhhhzphhhh, count: 10
min: 5, max: 12, c: w, password: wfwwwjzwmpxwmw, count: 7
min: 2, max: 7, c: h, password: chcjhhqhdlfshxvhz, count: 6
min: 7, max: 15, c: h, password: hjhhjvhhhhqmhdhjh, count: 10
min: 1, max: 2, c: f, password: bvhf, count: 1
min: 4, max: 6, c: k, password: rkctkkm, count: 3
min: 5, max: 6, c: n, password: nnnnnn, count: 6
min: 10, max: 11, c: j, password: jjjjjjjcjjs, count: 9
min: 4, max: 7, c: b, password: bbgbnkp, count: 3
min: 2, max: 5, c: d, password: dddddjvddxdk, count: 8
min: 11, max: 19, c: z, password: svzzgzzmzznzzzkcdzzz, count: 12
min: 8, max: 9, c: z, password: zzzzzgzmz, count: 7
min: 4, max: 10, c: v, password: vsvvvvnvsr, count: 6
min: 5, max: 15, c: v, password: mvqvvkjfvwdvvdl, count: 6
min: 13, max: 14, c: s, password: ssssssqzszssmk, count: 9
min: 3, max: 4, c: w, password: wbwg, count: 2
min: 10, max: 11, c: d, password: kdbdcddqddxdddd, count: 10
min: 8, max: 9, c: t, password: tttttttntt, count: 9
min: 2, max: 10, c: m, password: mqmmmmmmmm, count: 9
min: 3, max: 8, c: c, password: bcswcncchpxcxcrccrx, count: 8
min: 4, max: 10, c: q, password: qqqplwsfxgq, count: 4
min: 15, max: 16, c: h, password: hhqhhhhhhvhhhhhthhhh, count: 17
min: 11, max: 13, c: s, password: sssxssswsswsr, count: 9
min: 6, max: 7, c: z, password: zzzzhvzz, count: 6
min: 3, max: 4, c: j, password: ktjdxsjjxjtnq, count: 4
min: 5, max: 7, c: w, password: wwxwlwwr, count: 5
min: 2, max: 5, c: l, password: llltll, count: 5
min: 2, max: 6, c: m, password: qmgvtmtp, count: 2
min: 11, max: 16, c: v, password: vvvgvvlvhvvvvvvvvvgv, count: 16
min: 2, max: 4, c: j, password: jsnjf, count: 2
min: 11, max: 12, c: g, password: gdlcvdgzgqpg, count: 4
min: 10, max: 12, c: x, password: rxxcxxxxxrrxx, count: 9
min: 9, max: 12, c: n, password: nnnnnnnncdnn, count: 10
min: 6, max: 10, c: j, password: vjjjpjhjjs, count: 6
min: 5, max: 6, c: d, password: dcdddt, count: 4
min: 3, max: 13, c: c, password: cccccvctcbvcvpcccc, count: 12
min: 1, max: 7, c: d, password: ndddzzdx, count: 4
min: 9, max: 10, c: w, password: wwwcwwwwfr, count: 7
min: 9, max: 18, c: q, password: xjhsjqqrqpgprjmqqq, count: 6
min: 8, max: 11, c: b, password: bprbbbwkbbbb, count: 8
min: 4, max: 14, c: w, password: wxcwzsswmsqvfjvjzj, count: 3
min: 5, max: 6, c: b, password: wbbmzbbm, count: 4
min: 8, max: 13, c: f, password: lpjfsfswfffgfkff, count: 8
min: 1, max: 3, c: x, password: vxxx, count: 3
min: 6, max: 7, c: x, password: btxxxxcx, count: 5
min: 6, max: 8, c: r, password: mwqrrqrrxr, count: 5
min: 7, max: 14, c: h, password: hhhhjllhrsxtrhmbbpwh, count: 7
min: 7, max: 10, c: f, password: phqzgfwfrpffpzq, count: 4
min: 6, max: 17, c: d, password: ddddddddddddxdbdgdd, count: 16
min: 5, max: 11, c: f, password: fhfnfflfhjvwvfff, count: 8
min: 11, max: 12, c: h, password: hhgbtnkhhhhh, count: 7
min: 2, max: 4, c: f, password: fdfgffr, count: 4
min: 5, max: 6, c: w, password: wwwwxw, count: 5
min: 4, max: 9, c: z, password: zbzzzczzv, count: 6
min: 2, max: 4, c: k, password: jfpkc, count: 1
min: 3, max: 4, c: r, password: kwgr, count: 1
min: 4, max: 5, c: k, password: kkkks, count: 4
min: 5, max: 6, c: r, password: rrrdrsr, count: 5
min: 5, max: 6, c: t, password: tpwnmttclcrtt, count: 5
min: 18, max: 19, c: t, password: ttbwxtxgfsphgtzzplbt, count: 5
min: 1, max: 5, c: w, password: tthwwvw, count: 3
min: 10, max: 13, c: z, password: mzzzzzwzzzzztz, count: 11
min: 7, max: 10, c: r, password: rzrjrfpdrrrcmmrr, count: 8
min: 2, max: 4, c: w, password: wwww, count: 4
min: 5, max: 9, c: m, password: vksmmzdpsm, count: 3
min: 1, max: 2, c: q, password: qqqqqqq, count: 7
min: 1, max: 6, c: c, password: pccccn, count: 4
min: 3, max: 8, c: r, password: pbchhhrr, count: 2
min: 3, max: 8, c: v, password: bfdvkvdvglvn, count: 4
min: 3, max: 6, c: h, password: hhhxhshhl, count: 6
min: 4, max: 7, c: m, password: mkwpkwmtmm, count: 4
min: 10, max: 11, c: g, password: ggggmggggcg, count: 9
min: 1, max: 6, c: j, password: jjjjjw, count: 5
min: 4, max: 10, c: z, password: zvzzxzzgzzz, count: 8
min: 7, max: 9, c: k, password: kkkkkkkkjkkkk, count: 12
min: 4, max: 18, c: f, password: vlnfpdzvbqhvsfmhqtf, count: 3
min: 8, max: 11, c: s, password: sssssksshsssmhs, count: 11
min: 2, max: 6, c: b, password: bbbbbm, count: 5
min: 2, max: 3, c: h, password: hhvrlcf, count: 2
min: 10, max: 19, c: c, password: mccwczqbjdlgfccnrqc, count: 6
min: 8, max: 12, c: x, password: rxxxnxtfxcxxxpx, count: 9
min: 13, max: 14, c: r, password: rrrnrrrrrrrrmrr, count: 13
min: 4, max: 11, c: h, password: mhzstqhhghhhbhhh, count: 9
min: 10, max: 11, c: f, password: fffffffffpf, count: 10
min: 7, max: 8, c: j, password: jjjjjjmv, count: 6
min: 5, max: 6, c: f, password: fhfffv, count: 4
min: 3, max: 4, c: z, password: zzxtzq, count: 3
min: 5, max: 6, c: v, password: jvszvzvvg, count: 4
min: 9, max: 13, c: v, password: wvvgvdvvvsrjcg, count: 6
min: 10, max: 11, c: t, password: pcttrntttttdthtxst, count: 10
min: 1, max: 5, c: v, password: vvvvpv, count: 5
min: 6, max: 9, c: q, password: qfqqqlqqqqq, count: 9
min: 4, max: 8, c: f, password: ffffffmfkkfzpffffvff, count: 14
min: 3, max: 5, c: n, password: lnmnnnnnnnn, count: 9
min: 1, max: 5, c: k, password: kkwmdkflxtqktmcxdl, count: 4
min: 1, max: 3, c: z, password: tnqp, count: 0
min: 15, max: 16, c: h, password: hhhnhhhhfhhhhhjhhh, count: 15
min: 2, max: 6, c: m, password: mmmxmb, count: 4
min: 7, max: 12, c: q, password: qqjqhqfqwqcqqkqmql, count: 10
min: 6, max: 10, c: s, password: ssjvrvsgsshsss, count: 8
min: 11, max: 15, c: n, password: nnnnnnnnnnrnnnj, count: 13
min: 14, max: 15, c: x, password: xxxxvxxxxxkxxxzx, count: 13
min: 9, max: 14, c: b, password: bbbbbbpbbqbblbbbb, count: 14
min: 4, max: 12, c: h, password: knthjdhlrxtpjwhnhn, count: 4
min: 8, max: 9, c: v, password: vvvvvvvjjvvvv, count: 11
min: 2, max: 3, c: d, password: dktdvd, count: 3
min: 6, max: 8, c: z, password: zzzzzzzx, count: 7
min: 10, max: 13, c: t, password: jrjfklzstpxwt, count: 2
min: 4, max: 16, c: n, password: mngnnqnbnnwnqrdgk, count: 7
min: 3, max: 5, c: v, password: vhqvvn, count: 3
min: 1, max: 4, c: t, password: jhtq, count: 1
min: 8, max: 11, c: f, password: qfffffqfffff, count: 10
min: 14, max: 15, c: x, password: xxxxxxxxxxxxxxx, count: 15
min: 2, max: 12, c: s, password: scsstsssmcssswgsw, count: 10
min: 8, max: 13, c: t, password: tttttttqttttt, count: 12
min: 8, max: 10, c: d, password: ddddddvdfbq, count: 7
min: 9, max: 15, c: d, password: sdqpqddddjrdjnj, count: 6
min: 17, max: 19, c: c, password: cccccdldcccpbccxgcc, count: 12
min: 6, max: 14, c: v, password: lvvvvsvvvvvvvp, count: 11
min: 16, max: 18, c: p, password: ppppppppppvpppppppt, count: 17
min: 1, max: 3, c: v, password: vkvtzlvrdcvzplznltqs, count: 4
min: 8, max: 10, c: s, password: sssssssssns, count: 10
min: 1, max: 3, c: w, password: wcwfwxnwwp, count: 5
min: 8, max: 10, c: v, password: kvvvvvvvvvkvvv, count: 12
min: 7, max: 11, c: s, password: shsssssssns, count: 9
min: 9, max: 10, c: w, password: wwwwtwwgkwww, count: 9
min: 1, max: 2, c: x, password: vxxn, count: 2
min: 4, max: 9, c: g, password: lkgggrcgpg, count: 5
min: 1, max: 5, c: n, password: fjrnn, count: 2
min: 4, max: 6, c: x, password: xtxzxxx, count: 5
min: 18, max: 19, c: z, password: zzzzhvzhzzzzzzzzzsz, count: 15
min: 15, max: 18, c: p, password: ppppppppppppppsppppp, count: 19
min: 11, max: 14, c: h, password: rdhhhhhhhghhhrh, count: 11
min: 3, max: 9, c: v, password: vvvvvvvvqvv, count: 10
min: 4, max: 8, c: p, password: bbpmjpplp, count: 4
min: 1, max: 15, c: n, password: qndxnnsmnrnsnnnnn, count: 10
min: 7, max: 9, c: c, password: cccccctccc, count: 9
min: 2, max: 6, c: m, password: xwfnmmn, count: 2
min: 4, max: 16, c: t, password: nbttltzvhqjtcgbtttkt, count: 8
min: 7, max: 8, c: r, password: rrlrrrrsrbr, count: 8
min: 3, max: 5, c: h, password: hhghh, count: 4
min: 3, max: 4, c: m, password: mmmxm, count: 4
min: 15, max: 16, c: k, password: fckzkjskrkkkdkkl, count: 8
min: 5, max: 6, c: c, password: cbsxmh, count: 1
min: 1, max: 6, c: x, password: fxxxxxx, count: 6
min: 5, max: 12, c: d, password: wdddqrdkwkmdfwd, count: 6
min: 3, max: 10, c: s, password: smsqncrsjjdmjdlsls, count: 5
min: 6, max: 7, c: k, password: vkkskkjkwkrkkk, count: 9
min: 9, max: 17, c: z, password: qwzhqgrnvzzbzlhjz, count: 5
min: 5, max: 6, c: w, password: dwwwwp, count: 4
min: 5, max: 8, c: n, password: ncvgqnvn, count: 3
min: 5, max: 6, c: v, password: vvnvvwvv, count: 6
min: 3, max: 4, c: x, password: dxxxsbsxx, count: 5
min: 8, max: 12, c: t, password: ttgtshxfmzlc, count: 3
min: 10, max: 17, c: x, password: xthkjfxlktkbhdxzx, count: 4
min: 5, max: 8, c: q, password: qqtqqqkqq, count: 7
min: 4, max: 10, c: d, password: ndddgxvzswlsgdpnrc, count: 4
min: 8, max: 11, c: h, password: bgcfhhrkhhb, count: 4
min: 16, max: 19, c: g, password: qgdmbghrjhgcvgwpggg, count: 7
min: 3, max: 5, c: s, password: fbsqqszkdkqzw, count: 2
min: 9, max: 10, c: h, password: hhhhhhhhdhhh, count: 11
min: 15, max: 17, c: b, password: bbbbbbbbbtbbbbzbbb, count: 16
min: 11, max: 14, c: q, password: qqqhqqqqqqqqqsq, count: 13
min: 4, max: 18, c: r, password: rhhrrpghwbqfznflrrr, count: 6
min: 14, max: 15, c: l, password: lllllllllllllrl, count: 14
min: 8, max: 14, c: s, password: nsfpsrsssnffssjss, count: 9
min: 17, max: 18, c: k, password: kkkkkkkkkkklkkkkck, count: 16
min: 1, max: 12, c: c, password: cmnccccccccktcc, count: 11
min: 7, max: 14, c: p, password: pppppphppppppp, count: 13
min: 1, max: 2, c: j, password: jtjq, count: 2
min: 2, max: 6, c: w, password: wwpxxrwwwdwwh, count: 7
min: 5, max: 12, c: p, password: zspwppnppdghqplnj, count: 6
min: 3, max: 5, c: h, password: zhqphfth, count: 3
min: 1, max: 3, c: q, password: xqqq, count: 3
min: 4, max: 9, c: r, password: qrzrfgpnbj, count: 2
min: 7, max: 8, c: q, password: qqqjqqqcqw, count: 7
min: 4, max: 6, c: m, password: mmmmmwdmm, count: 7
min: 4, max: 6, c: s, password: sqcssgnsrrddgshvbcs, count: 6
min: 2, max: 6, c: m, password: mmsgtr, count: 2
min: 3, max: 9, c: v, password: wvwvvvmvv, count: 6
min: 3, max: 5, c: j, password: jcjvtgjjjxvjjgjbhj, count: 9
min: 4, max: 6, c: f, password: qsffzgff, count: 4
min: 8, max: 9, c: x, password: nxxbxwfrxx, count: 5
min: 1, max: 7, c: m, password: mvmmmbmmljmg, count: 7
min: 5, max: 8, c: d, password: pdcdqdddwdl, count: 6
min: 1, max: 3, c: m, password: mmgns, count: 2
min: 19, max: 20, c: r, password: rrrrrrrrrrrrrrrrrrxr, count: 19
min: 1, max: 4, c: h, password: hpghbhkhhr, count: 5
min: 5, max: 9, c: x, password: xxxxtxxxxxxxxxxx, count: 15
min: 19, max: 20, c: p, password: qvwdwnssfckjczggpghp, count: 2
min: 8, max: 12, c: k, password: kkkkkkkfkkkkkkkk, count: 15
min: 10, max: 12, c: b, password: cbbbbdbbbqbkbb, count: 10
min: 2, max: 8, c: n, password: nkkpnprnfcnnwsmndqnn, count: 8
min: 11, max: 12, c: d, password: ddddddvddddvd, count: 11
min: 4, max: 8, c: j, password: jjjjjjjqjjl, count: 9
min: 1, max: 3, c: l, password: lvdlslllhllsg, count: 7
min: 12, max: 15, c: j, password: jzjjjjjkjpjjjjqf, count: 11
min: 6, max: 9, c: s, password: sssssssssssss, count: 13
min: 1, max: 2, c: z, password: xzzcnjrzzzzzzz, count: 9
min: 5, max: 6, c: h, password: hhhhhh, count: 6
min: 7, max: 13, c: x, password: xxzxvsmxlbxpxz, count: 6
min: 2, max: 4, c: d, password: dpnddbdfdm, count: 5
min: 9, max: 16, c: n, password: nnnnnnnnknnnnnnr, count: 14
min: 4, max: 5, c: n, password: nnnvnn, count: 5
min: 13, max: 16, c: p, password: vppppppppppppppz, count: 14
min: 3, max: 6, c: w, password: wwtwww, count: 5
min: 7, max: 9, c: n, password: nnxnwntnnn, count: 7
min: 4, max: 12, c: q, password: mqcnsrvqqzgqkwz, count: 4
min: 3, max: 4, c: t, password: dwtj, count: 1
min: 9, max: 12, c: r, password: rrrrwrrrrdrcr, count: 10
min: 8, max: 9, c: w, password: wwtcwwjhwwww, count: 8
min: 6, max: 8, c: w, password: wwwwwwbgw, count: 7
min: 5, max: 15, c: f, password: pgflfgfbbvvffkfkmw, count: 6
min: 10, max: 17, c: s, password: ssssssssshsssfsssss, count: 17
min: 19, max: 20, c: m, password: mmbmxfmmbzqhmxmxmmmw, count: 10
min: 11, max: 12, c: d, password: ddddddddddsd, count: 11
min: 13, max: 14, c: f, password: fffffffffffffdf, count: 14
min: 1, max: 6, c: n, password: nnnnnnnn, count: 8
min: 11, max: 19, c: x, password: wmxxbxxkxxxpxxxxxxc, count: 13
min: 2, max: 3, c: z, password: szgkqvmzwztdcxtvn, count: 3
min: 16, max: 20, c: z, password: zpzhwdtdzhvgcpdpzzzz, count: 7
min: 15, max: 19, c: p, password: ppmpcxppppprsgnpppg, count: 11
min: 4, max: 5, c: x, password: rrxfxxxqx, count: 5
min: 1, max: 2, c: q, password: rqdwn, count: 1
min: 4, max: 6, c: x, password: pkfxqxxfxbk, count: 4
min: 13, max: 17, c: c, password: ccccccccccccncclc, count: 15
min: 5, max: 7, c: z, password: zzzzvhz, count: 5
min: 5, max: 6, c: r, password: rrrnrl, count: 4
min: 2, max: 5, c: g, password: mfgkgxhckg, count: 3
min: 3, max: 6, c: c, password: cnmcjcccdccccv, count: 9
min: 7, max: 11, c: t, password: dttttttrttxtt, count: 10
min: 6, max: 9, c: p, password: ptlfppppcvsp, count: 6
min: 3, max: 5, c: g, password: ggxkwtj, count: 2
min: 5, max: 16, c: x, password: phzxlbhqxgxzwjwkkxp, count: 4
min: 7, max: 8, c: s, password: wsssssmsn, count: 6
min: 1, max: 7, c: m, password: pmgrmkmmnnm, count: 5
min: 15, max: 16, c: n, password: nnnnnnnnnvnnnnnln, count: 15
min: 6, max: 8, c: t, password: ttzttftst, count: 6
min: 5, max: 7, c: g, password: ggggggggggg, count: 11
min: 13, max: 16, c: d, password: ddddddddddddpddbdfdd, count: 17
min: 13, max: 14, c: f, password: jclffflwlffbfvffffbn, count: 10
min: 3, max: 4, c: j, password: xjzjjjr, count: 4
min: 8, max: 14, c: n, password: nnnwknndnlnlnn, count: 9
min: 6, max: 7, c: s, password: sxsssnzs, count: 5
min: 6, max: 7, c: r, password: rrsprrjrcrb, count: 6
min: 10, max: 11, c: w, password: qwwcwqzwrbq, count: 4
min: 7, max: 10, c: b, password: bbbbbbzbbbb, count: 10
min: 5, max: 6, c: d, password: ddddkd, count: 5
min: 16, max: 17, c: d, password: ldldddddpdldldddd, count: 12
min: 5, max: 14, c: w, password: zdtwxnxwhwwpww, count: 6
min: 6, max: 9, c: q, password: mqqxqsqqq, count: 6
min: 2, max: 11, c: g, password: gpggzvgggkgmcmt, count: 7
min: 6, max: 14, c: k, password: kfkkkxkkkkkkkjkk, count: 13
min: 2, max: 3, c: m, password: zfmm, count: 2
min: 13, max: 17, c: k, password: kkbkkkkmkktkkkrkk, count: 13
min: 4, max: 6, c: z, password: tzprqwzzcpj, count: 3
min: 3, max: 4, c: w, password: gblwcxwllzpv, count: 2
min: 3, max: 5, c: d, password: ddcddd, count: 5
min: 9, max: 13, c: r, password: rrfjmrcsrrwvrrk, count: 7
min: 11, max: 17, c: m, password: dgwrmqjmclmczrlwf, count: 3
min: 1, max: 4, c: v, password: vvhvvv, count: 5
min: 10, max: 13, c: c, password: clhccbcvbvcfcccqccc, count: 11
min: 11, max: 13, c: s, password: sssssssssssss, count: 13
min: 6, max: 7, c: k, password: skkckkk, count: 5
min: 2, max: 5, c: m, password: mfffq, count: 1
min: 3, max: 5, c: x, password: jxbxx, count: 3
min: 1, max: 2, c: c, password: ctcc, count: 3
min: 5, max: 8, c: q, password: qqqqgqqqq, count: 8
min: 11, max: 13, c: q, password: hqqbqqqqqqbqqqqqbk, count: 13
min: 9, max: 11, c: q, password: qqqqqqqqqql, count: 10
min: 15, max: 20, c: q, password: qqqqqqqqnqqqqqqqqqqq, count: 19
min: 5, max: 7, c: g, password: gzngbvggmlzzrgx, count: 5
min: 2, max: 10, c: n, password: zjknggzlvnxtbwnhmf, count: 3
min: 2, max: 13, c: c, password: cccccccccccct, count: 12
min: 4, max: 8, c: c, password: cccccccbcccc, count: 11
min: 3, max: 5, c: k, password: kdkkz, count: 3
min: 8, max: 10, c: h, password: nchthhghhjhjh, count: 7
min: 10, max: 11, c: l, password: wllllllllplxllnjj, count: 11
min: 14, max: 17, c: q, password: qqhqqqqqqtqvqcqqqrq, count: 14
min: 5, max: 9, c: d, password: dddddddrz, count: 7
min: 13, max: 14, c: z, password: zzzzzzzzzzzzzm, count: 13
min: 7, max: 9, c: t, password: tttttctwlttt, count: 9
min: 6, max: 13, c: w, password: dwcwdtwrwccwwl, count: 6
min: 10, max: 11, c: h, password: hhhhhwhhmmhhhh, count: 11
min: 7, max: 9, c: t, password: tttttjtttt, count: 9
min: 12, max: 17, c: n, password: nnnnknnfpnnwncnnjn, count: 12
min: 5, max: 6, c: c, password: zccccc, count: 5
min: 11, max: 13, c: s, password: ssssksxssssss, count: 11
min: 9, max: 17, c: q, password: qqqqcfbqrqqcqzqqlqqq, count: 13
min: 3, max: 4, c: m, password: dmml, count: 2
min: 4, max: 6, c: v, password: slvvvln, count: 3
min: 4, max: 5, c: n, password: nnbmnn, count: 4
min: 2, max: 7, c: h, password: whhhhhjvfhhh, count: 8
min: 2, max: 5, c: s, password: slhss, count: 3
min: 4, max: 5, c: q, password: zbhqhqgqdq, count: 4
min: 2, max: 6, c: p, password: pjtxqp, count: 2
min: 7, max: 9, c: h, password: hhhhhhkhh, count: 8
min: 7, max: 8, c: w, password: fgvwcwws, count: 3
min: 10, max: 13, c: d, password: ddddxhdddddvhdddd, count: 13
min: 7, max: 16, c: m, password: mmnznmmwmwrmqzrqbmpr, count: 7
min: 12, max: 13, c: v, password: vvvvvvvvvzvvjv, count: 12
min: 18, max: 19, c: g, password: mztkzhgmndnffztwqfg, count: 2
min: 7, max: 8, c: j, password: jjjcjjvjjjjpjjjjjjj, count: 16
min: 7, max: 10, c: s, password: sssssssssz, count: 9
min: 18, max: 20, c: s, password: sssssssssssssssssssg, count: 19
min: 1, max: 4, c: r, password: trrrr, count: 4
min: 2, max: 16, c: r, password: mrrrrrrhrcrrfcpqrh, count: 10
min: 5, max: 13, c: n, password: nnbljfchnnnnnj, count: 7
min: 1, max: 6, c: v, password: vvvvvmvv, count: 7
min: 7, max: 15, c: q, password: szqhbkqxppcbkxmc, count: 2
min: 9, max: 10, c: l, password: gllllvllsvll, count: 8
min: 1, max: 4, c: m, password: mxldw, count: 1
min: 5, max: 9, c: x, password: xxxxxxxxj, count: 8
min: 11, max: 16, c: t, password: ttttttttwttttttfl, count: 14
min: 7, max: 12, c: j, password: sjjzpjjjjljhj, count: 8
min: 1, max: 5, c: x, password: wmplxj, count: 1
min: 2, max: 6, c: z, password: zzxzzrzqplrh, count: 5
min: 4, max: 6, c: w, password: cqbwwbww, count: 4
min: 14, max: 15, c: l, password: llllltllllllllw, count: 13
min: 3, max: 4, c: m, password: mhmvvz, count: 2
min: 3, max: 4, c: w, password: wwmw, count: 3
min: 1, max: 4, c: c, password: ccchpccc, count: 6
min: 6, max: 10, c: p, password: pppppppppqprbppppp, count: 15
min: 9, max: 15, c: h, password: hhhjcrhhhhhhchhjht, count: 12
min: 8, max: 11, c: g, password: gggggggkggggggggg, count: 16
min: 4, max: 9, c: h, password: hhkqxhhhlh, count: 6
min: 7, max: 8, c: f, password: mlfdfrmfbfttmffqfff, count: 9
min: 7, max: 9, c: t, password: nttttttvsn, count: 6
min: 6, max: 9, c: h, password: hhhhbhvhph, count: 7
min: 4, max: 5, c: f, password: hhcdf, count: 1
min: 3, max: 4, c: k, password: kfxkcr, count: 2
min: 1, max: 4, c: z, password: zzml, count: 2
min: 3, max: 5, c: f, password: cjjffbzffqfsbm, count: 5
min: 4, max: 5, c: f, password: ffdfh, count: 3
min: 6, max: 17, c: h, password: hhhhhhhhhhhhhhhhrh, count: 17
min: 8, max: 10, c: d, password: qdddzddddzdd, count: 9
min: 7, max: 8, c: j, password: nfxxthqj, count: 1
min: 2, max: 4, c: n, password: nnnc, count: 3
min: 3, max: 5, c: v, password: vlvzx, count: 2
min: 6, max: 10, c: n, password: nnnnnnnnns, count: 9
min: 11, max: 13, c: q, password: bzhwhbvwqffzs, count: 1
min: 3, max: 6, c: c, password: gccmcc, count: 4
min: 2, max: 5, c: m, password: xmbgm, count: 2
min: 2, max: 11, c: g, password: tgztmzzbgjzc, count: 2
min: 2, max: 5, c: j, password: jsjbj, count: 3
min: 3, max: 4, c: v, password: vvljvvv, count: 5
min: 3, max: 6, c: p, password: pxwcnwmp, count: 2
min: 2, max: 7, c: j, password: ndjnzmjklxqwpkpnwb, count: 2
min: 1, max: 20, c: s, password: slssswsnssscgbssxsdg, count: 11
min: 3, max: 4, c: r, password: rrrfjc, count: 3
min: 5, max: 16, c: t, password: ttntptttsqtttpwtgbt, count: 11
min: 3, max: 4, c: g, password: fxgg, count: 2
min: 13, max: 17, c: l, password: llltllllllllvllllvrl, count: 16
min: 5, max: 8, c: q, password: vxfpqhqd, count: 2
min: 4, max: 8, c: c, password: cvqcwkccp, count: 4
min: 5, max: 11, c: x, password: kxqkghvxxdqfwxxkxx, count: 7
min: 4, max: 5, c: t, password: tttht, count: 4
min: 8, max: 11, c: n, password: mnnpnnpsnqdknnvsh, count: 7
min: 1, max: 4, c: g, password: gggngpdggv, count: 6
min: 5, max: 6, c: s, password: ssssss, count: 6
min: 4, max: 7, c: d, password: mddfddk, count: 4
min: 7, max: 8, c: f, password: fffffffb, count: 7
min: 4, max: 11, c: x, password: cbmcvvvvxgn, count: 1
min: 14, max: 16, c: d, password: vdddkddpddddllrddddd, count: 14
min: 8, max: 9, c: h, password: qhhhsnxhjmzhlhdjxhf, count: 7
min: 5, max: 13, c: f, password: fxfhlqsffxfgwpcz, count: 5
min: 14, max: 16, c: g, password: jggggnngggngggggjggg, count: 15
min: 1, max: 5, c: z, password: rzgzt, count: 2
min: 3, max: 6, c: f, password: fffgrv, count: 3
min: 3, max: 4, c: w, password: zwwtwdw, count: 4
min: 9, max: 12, c: g, password: dkmhhvhjgsvqglbrr, count: 2
min: 4, max: 5, c: g, password: gbrtx, count: 1
min: 1, max: 5, c: r, password: xrrrr, count: 4
min: 2, max: 5, c: d, password: ddddddddddddddd, count: 15
min: 4, max: 5, c: j, password: jjvjz, count: 3
min: 2, max: 4, c: b, password: blbbbt, count: 4
min: 16, max: 17, c: b, password: bbbbbbbbbbblbbbzbc, count: 15
min: 8, max: 13, c: l, password: lljlqlkslqllllll, count: 11
min: 6, max: 15, c: g, password: wgfgzggggggbtch, count: 8
min: 4, max: 13, c: w, password: cwvbtpnjdkvww, count: 3
min: 8, max: 10, c: x, password: xtdxxxxxxhxxx, count: 10
min: 3, max: 6, c: p, password: pprpppp, count: 6
min: 15, max: 17, c: p, password: ppppppppppppppkpppp, count: 18
min: 1, max: 3, c: w, password: wnwpwwbllb, count: 4
min: 3, max: 5, c: m, password: mxqdq, count: 1
min: 13, max: 16, c: s, password: hsrsssqssssscgssss, count: 13
min: 1, max: 2, c: c, password: zccccm, count: 4
min: 5, max: 8, c: r, password: rrrrkrrm, count: 6
min: 5, max: 6, c: j, password: njjkjjsj, count: 5
min: 5, max: 10, c: r, password: rrrrhrrrrr, count: 9
min: 5, max: 12, c: x, password: xmxwxnmxsldlrpgxxxc, count: 7
min: 4, max: 6, c: z, password: ztzwfzj, count: 3
min: 11, max: 15, c: w, password: wwcwwwwwwwzwwww, count: 13
min: 5, max: 7, c: c, password: cpccccnd, count: 5
min: 1, max: 16, c: q, password: qqvhqhnpqscqqldqbzh, count: 7
min: 8, max: 9, c: s, password: kfpdswzssssqssscms, count: 9
min: 2, max: 16, c: l, password: hppbqldllnlljvflltl, count: 8
min: 4, max: 12, c: c, password: cccccccccccpccc, count: 14
min: 5, max: 6, c: r, password: rrrrqb, count: 4
min: 11, max: 12, c: f, password: ffffdffffmfdkff, count: 11
min: 5, max: 6, c: k, password: lhkkkf, count: 3
min: 12, max: 15, c: z, password: bzzzzzzzzstzzzz, count: 12
min: 5, max: 13, c: c, password: kgsscwsfzcbwchwk, count: 3
min: 11, max: 18, c: m, password: wmmjbmfpvmmmthfwpsxf, count: 6
min: 7, max: 14, c: m, password: mmmfmmtqmmmmmmmmrc, count: 13
min: 14, max: 15, c: g, password: wbqfggngtbqvpqp, count: 3
min: 10, max: 11, c: k, password: kkkvxktjtkbjkkkk, count: 9
min: 2, max: 4, c: b, password: wbtkp, count: 1
min: 4, max: 10, c: v, password: vvvvbffvmtvvz, count: 7
min: 6, max: 8, c: m, password: vtvgmmbc, count: 2
min: 1, max: 7, c: d, password: hddsnzd, count: 3
min: 2, max: 3, c: d, password: rndxchftldndc, count: 3
min: 2, max: 11, c: z, password: zzcwbxkzzqzzp, count: 6
min: 5, max: 6, c: q, password: wqqqjq, count: 4
min: 9, max: 10, c: d, password: ddddddpdcdd, count: 9
min: 1, max: 12, c: g, password: ggfggggggggbn, count: 10
min: 4, max: 5, c: v, password: vvvrvv, count: 5
min: 12, max: 14, c: r, password: rrrrrrrrrrrqrr, count: 13
min: 6, max: 10, c: s, password: sssshvssss, count: 8
min: 7, max: 10, c: g, password: gqgzgggksggggdqghs, count: 10
min: 8, max: 9, c: c, password: ccccccccf, count: 8
min: 13, max: 18, c: j, password: gfjjjjjjjjgjhwjjch, count: 11
min: 11, max: 15, c: m, password: mmmmmmmmmmmmmmm, count: 15
min: 2, max: 4, c: s, password: ssqsr, count: 3
min: 7, max: 8, c: v, password: vxxvbfdgvvgvtw, count: 5
min: 2, max: 7, c: x, password: xwxxxxx, count: 6
min: 3, max: 5, c: p, password: pzppfp, count: 4
min: 1, max: 2, c: z, password: zfzwpzpxzc, count: 4
min: 6, max: 7, c: r, password: vrrxrrnrb, count: 5
min: 3, max: 4, c: f, password: nvftvrjsgxszkfsffg, count: 4
min: 1, max: 5, c: w, password: kndqwltttskcwtzqt, count: 2
min: 1, max: 9, c: z, password: zzzzzzzzzz, count: 10
min: 10, max: 11, c: v, password: vvvvvvvvvvv, count: 11
min: 1, max: 5, c: m, password: gmjhm, count: 2
min: 7, max: 11, c: j, password: sdjjpjjjdgnccjjjsq, count: 8
min: 1, max: 6, c: m, password: rrmcmmmmmbm, count: 7
min: 1, max: 6, c: n, password: nlclfggwnm, count: 2
min: 3, max: 7, c: s, password: clfnmssns, count: 3
min: 3, max: 7, c: m, password: tqjmmmx, count: 3
min: 13, max: 14, c: n, password: nfnvkntnlnnnxfwlnnnn, count: 11
min: 3, max: 4, c: p, password: xphp, count: 2
min: 8, max: 9, c: n, password: nnnlnnnzn, count: 7
min: 11, max: 12, c: h, password: hhhhhhhdhhhhh, count: 12
min: 1, max: 4, c: p, password: pjgsphp, count: 3
min: 3, max: 9, c: f, password: pvfnfmfrcffffjf, count: 8
min: 15, max: 16, c: d, password: dddddddddzddldgdd, count: 14
min: 2, max: 4, c: b, password: bvztgnzbpr, count: 2
min: 3, max: 7, c: w, password: wgwhmpwwwlwzzhwnv, count: 7
min: 5, max: 9, c: n, password: nmznnvnnsznnw, count: 7
min: 4, max: 6, c: f, password: zqffsnffdlbkt, count: 4
min: 6, max: 7, c: s, password: sssssss, count: 7
min: 2, max: 5, c: q, password: kqlqqmv, count: 3
min: 11, max: 14, c: q, password: pjqrzjfdgmqzpd, count: 2
min: 17, max: 18, c: s, password: sssssssssssssssssj, count: 17
min: 8, max: 12, c: x, password: zxxxpxxxxxxt, count: 9
min: 2, max: 4, c: h, password: hqhhhwfshp, count: 5
min: 1, max: 9, c: b, password: qzwgfbzjvt, count: 1
min: 8, max: 10, c: c, password: cccccccccn, count: 9
min: 3, max: 5, c: n, password: nnnkwn, count: 4
min: 4, max: 6, c: m, password: zmmhdzmmx, count: 4
min: 7, max: 13, c: v, password: vvvvvnvvvvvvsvv, count: 13
min: 1, max: 12, c: z, password: zzvzxzfzzrzm, count: 7
min: 6, max: 11, c: p, password: ppppplppppvppppfp, count: 14
min: 1, max: 5, c: s, password: sjsss, count: 4
min: 2, max: 19, c: w, password: wwwwwwwwwwwwwwwwwwcw, count: 19
min: 5, max: 6, c: k, password: zxlkrkbcrcwkdqtkkw, count: 5
min: 1, max: 4, c: w, password: hjjbzqwnpjrbglkr, count: 1
min: 8, max: 9, c: n, password: sznnljnqn, count: 4
min: 7, max: 13, c: k, password: dwkpnjkdkglnm, count: 3
min: 14, max: 20, c: x, password: xzxrxxsxxxxxxxxxxxjx, count: 16
min: 4, max: 7, c: w, password: rtrwdvww, count: 3
min: 14, max: 18, c: m, password: mmmpmmmmmmmmmlmnmq, count: 14
min: 3, max: 4, c: z, password: zzxz, count: 3
min: 8, max: 10, c: z, password: zzzzzzzzzjz, count: 10
min: 11, max: 14, c: v, password: vcvwvxvcslbvvhv, count: 7
min: 4, max: 8, c: j, password: jgjjbrjhp, count: 4
min: 5, max: 6, c: d, password: dddddm, count: 5
min: 4, max: 5, c: n, password: nnnzn, count: 4
min: 15, max: 16, c: t, password: ttttttttttttttnc, count: 14
min: 5, max: 8, c: b, password: bbtbspvbbgllcrgxd, count: 5
min: 8, max: 9, c: w, password: wwwwwwwqw, count: 8
min: 3, max: 5, c: j, password: vbjmxwjgjfrzttznwc, count: 3
min: 12, max: 14, c: l, password: llllllllllnglzlwbl, count: 13
min: 2, max: 4, c: f, password: ntffj, count: 2
min: 2, max: 4, c: c, password: gvccrcc, count: 4
min: 19, max: 20, c: w, password: wwwwwwwwwwwwwwwwwwpw, count: 19
min: 1, max: 3, c: k, password: klwgkc, count: 2
min: 3, max: 9, c: s, password: qsmlssskpsbsscs, count: 8
min: 8, max: 9, c: j, password: jjjjjjjdj, count: 8
min: 5, max: 9, c: s, password: bszlpsssss, count: 6
min: 13, max: 14, c: l, password: llxllhlllllllllll, count: 15
min: 1, max: 6, c: s, password: ssssscs, count: 6
min: 7, max: 8, c: v, password: pbvptdvv, count: 3
min: 10, max: 15, c: v, password: vvvvvvgvvvvvvvcv, count: 14
min: 4, max: 5, c: k, password: kkcskfldskdc, count: 4
min: 13, max: 14, c: v, password: vvvvvvvvvvvvvgv, count: 14
min: 3, max: 7, c: n, password: hnjnnnnnsnfp, count: 7
min: 3, max: 8, c: m, password: mtmjhrzzllqml, count: 3
min: 9, max: 11, c: w, password: wwwwwwwwwwxw, count: 11
min: 10, max: 20, c: g, password: pkvgkfvmxgkpjjhtqvcg, count: 3
min: 8, max: 11, c: w, password: wwwwwwzwwwdw, count: 10
min: 5, max: 7, c: r, password: rrrrrrb, count: 6
min: 2, max: 7, c: b, password: sbldlwvcb, count: 2
min: 10, max: 17, c: v, password: vvvvvvqgcvvkdvsvvjv, count: 12
min: 4, max: 5, c: d, password: tkddnddzqpdfdddd, count: 9
min: 10, max: 12, c: p, password: npppppppppfm, count: 9
min: 1, max: 12, c: t, password: wttttttttttttt, count: 13
min: 4, max: 5, c: f, password: qfffz, count: 3
min: 11, max: 14, c: p, password: ppppppppppppgvpcp, count: 14
min: 6, max: 8, c: w, password: qswwwrwwmww, count: 7
min: 9, max: 15, c: g, password: txgchzlpgggdhgggbg, count: 8
min: 2, max: 10, c: h, password: hthhzhhhshhh, count: 9
min: 5, max: 8, c: l, password: lllllzkk, count: 5
min: 17, max: 18, c: l, password: nlllllllllllllllvll, count: 17
min: 3, max: 6, c: c, password: zdwcjcccdqct, count: 5
min: 8, max: 17, c: m, password: mmmmmmmmmmmmmmmmjm, count: 17
min: 10, max: 12, c: c, password: ccccncrccccb, count: 9
min: 4, max: 12, c: j, password: jjjbjjjjjjnwjj, count: 11
min: 2, max: 6, c: h, password: chbhhfc, count: 3
min: 5, max: 6, c: c, password: cccpncc, count: 5
min: 6, max: 7, c: m, password: dmwmkmphmmdmm, count: 7
min: 6, max: 7, c: k, password: rxwkmkv, count: 2
min: 1, max: 5, c: f, password: fzgfl, count: 2
min: 4, max: 7, c: x, password: dxkmxhb, count: 2
min: 1, max: 5, c: f, password: hhfzfpfffffsff, count: 9
min: 1, max: 7, c: s, password: sssslsvv, count: 5
min: 3, max: 7, c: w, password: wgwwwsh, count: 4
min: 12, max: 15, c: d, password: mdsdbkltdvthvfjdddn, count: 6
min: 16, max: 18, c: x, password: xxxxxxxxxxxxxxxxtl, count: 16
min: 5, max: 19, c: x, password: xwxxxxxxxxxxxxxxbpn, count: 15
min: 3, max: 5, c: h, password: hhrfh, count: 3
min: 8, max: 10, c: g, password: ggggggggggkgg, count: 12
min: 3, max: 8, c: c, password: cccccccmc, count: 8
min: 5, max: 7, c: r, password: wrrrxrrr, count: 6
min: 7, max: 8, c: p, password: phpprdslbpxprpg, count: 6
min: 17, max: 19, c: z, password: zzzzvzzzzzdzzzzzzzg, count: 16
min: 2, max: 4, c: x, password: kxxxxxm, count: 5
min: 2, max: 11, c: w, password: gwwzpwwwwwplrqfh, count: 7
min: 6, max: 9, c: t, password: qtcttttgf, count: 5
min: 9, max: 12, c: g, password: gggggggggggsg, count: 12
min: 3, max: 6, c: n, password: fzmnxb, count: 1
min: 5, max: 9, c: x, password: pqxxxwdtn, count: 3
min: 5, max: 6, c: j, password: jjjjjkq, count: 5
min: 10, max: 12, c: h, password: hhhhhdhhhzhh, count: 10
min: 1, max: 4, c: g, password: gskgk, count: 2
min: 3, max: 5, c: c, password: ccccj, count: 4
min: 1, max: 10, c: m, password: wmxsgmzmrzmrmmmjmmct, count: 9
min: 5, max: 10, c: p, password: lmpppvptdgpjpwfwpp, count: 8
min: 2, max: 4, c: z, password: bzgm, count: 1
min: 6, max: 7, c: d, password: ddzdddj, count: 5
min: 3, max: 7, c: r, password: gchrfwr, count: 2
min: 4, max: 7, c: k, password: kkcvkkkkkk, count: 8
min: 8, max: 12, c: t, password: tpwtttctvtttftpt, count: 10
min: 11, max: 12, c: c, password: ccccccxcdncbwcc, count: 10
min: 2, max: 10, c: p, password: jwwxlppppppnpn, count: 7
min: 9, max: 16, c: w, password: chmwwwwwjwrwjwzjww, count: 10
min: 1, max: 6, c: j, password: jkqjjbj, count: 4
min: 5, max: 8, c: k, password: kkkkkklhkk, count: 8
min: 3, max: 5, c: q, password: qqqqc, count: 4
min: 16, max: 17, c: x, password: xxxxxxxxxxxxxxxtg, count: 15
min: 4, max: 9, c: f, password: fmfkcfffffkcfmfhnzf, count: 10
min: 5, max: 6, c: z, password: zhzzlz, count: 4
min: 4, max: 17, c: k, password: kbwmwvkkvvhxkkkckqvk, count: 8
min: 3, max: 5, c: d, password: dddmmdt, count: 4
min: 4, max: 10, c: m, password: mmmmmmmmms, count: 9
min: 5, max: 6, c: g, password: ghgggpj, count: 4
min: 1, max: 5, c: c, password: cccck, count: 4
min: 3, max: 7, c: z, password: zzjzzzzz, count: 7
min: 2, max: 7, c: v, password: xrprnvvtsrgsk, count: 2
min: 1, max: 5, c: s, password: sqqsn, count: 2
min: 3, max: 5, c: j, password: xwpnj, count: 1
min: 5, max: 7, c: v, password: vvvvvvqmv, count: 7
min: 4, max: 5, c: j, password: jjjjzjjjjljjc, count: 10
min: 2, max: 4, c: h, password: hghh, count: 3
min: 3, max: 5, c: n, password: fnnpc, count: 2
min: 16, max: 20, c: d, password: dddddddzdddddddpdddd, count: 18
min: 3, max: 4, c: t, password: tnpt, count: 2
min: 2, max: 7, c: f, password: fxffffkff, count: 7
min: 6, max: 9, c: b, password: bbbhbbwhbbrblmtb, count: 9
min: 7, max: 10, c: m, password: msmxmrnmrmmmm, count: 8
min: 3, max: 4, c: r, password: rrzrr, count: 4
min: 7, max: 8, c: m, password: mgmmmmjmm, count: 7
min: 2, max: 3, c: l, password: lmll, count: 3
min: 2, max: 6, c: h, password: cngphhhbfpvvsgrqhhzq, count: 5
min: 6, max: 8, c: d, password: dddddddg, count: 7
min: 12, max: 15, c: p, password: vfjxwpcpdvpnjwp, count: 4
min: 12, max: 17, c: m, password: mzfmmsvfxmqsmcfjmwjb, count: 6
min: 15, max: 19, c: b, password: bbbbbfbbbbbsbbmbbbbb, count: 17
min: 7, max: 8, c: n, password: qdnjnnnpvmfnn, count: 6
min: 6, max: 8, c: l, password: llllllll, count: 8
min: 3, max: 4, c: n, password: nnbdh, count: 2
min: 11, max: 12, c: w, password: hprdhfrpvcwbgwjcw, count: 3
min: 2, max: 7, c: r, password: jrfrbjrhrw, count: 4
min: 1, max: 6, c: v, password: fvzknvvv, count: 4
min: 10, max: 11, c: t, password: tttstdhttqrttt, count: 9
min: 5, max: 14, c: f, password: fxffnffffnfffff, count: 12
min: 10, max: 13, c: q, password: qqqqqqqqqjqqqqq, count: 14
min: 1, max: 5, c: v, password: tnvfvxvjvbvjk, count: 5
min: 4, max: 5, c: c, password: ccccpc, count: 5
min: 4, max: 6, c: t, password: tttttktttt, count: 9
min: 1, max: 2, c: r, password: rwrsq, count: 2
min: 11, max: 12, c: c, password: cccggjcccccr, count: 8
min: 11, max: 16, c: g, password: gwggggggggqggbgggfg, count: 15
min: 12, max: 14, c: b, password: bbggzhxsjjsbsf, count: 3
min: 5, max: 7, c: r, password: kjdwpfbmcptrslrrr, count: 4
min: 1, max: 2, c: l, password: lvbl, count: 2
min: 6, max: 11, c: c, password: hsksgzhccbccbdfnzqcv, count: 5
min: 6, max: 7, c: m, password: gmmmmmc, count: 5
min: 1, max: 2, c: h, password: hhhh, count: 4
min: 1, max: 3, c: g, password: rggg, count: 3
min: 4, max: 8, c: z, password: rzzzzfbwzxkzzz, count: 8
min: 3, max: 6, c: w, password: wwwwww, count: 6
min: 3, max: 4, c: g, password: ggwtg, count: 3
min: 9, max: 11, c: v, password: wxfltmvjvjm, count: 2
min: 2, max: 4, c: l, password: llck, count: 2
min: 2, max: 3, c: m, password: mmkgpdwzdm, count: 3
min: 2, max: 5, c: d, password: bdjhdhjldzh, count: 3
min: 10, max: 12, c: j, password: jnjlmjjjjpcdkjjjx, count: 9
min: 3, max: 9, c: q, password: qqzqqqqqqqqqq, count: 12
min: 4, max: 8, c: d, password: ddzwdpddd, count: 6
min: 3, max: 7, c: m, password: mzmbsmcjgmpmmdkmr, count: 7
min: 8, max: 13, c: q, password: xrxvgqdvvmjhhgdfz, count: 1
min: 3, max: 12, c: z, password: zzjzzzzzzzzzzz, count: 13
min: 5, max: 10, c: k, password: jkkkmkkkmkk, count: 8
min: 6, max: 7, c: m, password: mmllmmtm, count: 5
min: 17, max: 19, c: c, password: ccccccccccccccnckccc, count: 18
min: 6, max: 9, c: w, password: wwwtbrwwwxww, count: 8
min: 7, max: 9, c: d, password: wfdkwddsdsmdbswv, count: 5
min: 11, max: 12, c: g, password: ggggggggggbgg, count: 12
min: 13, max: 14, c: j, password: prjjdjjjjjjjcjjj, count: 12
min: 3, max: 5, c: j, password: jjlljv, count: 3
min: 3, max: 4, c: h, password: hrlh, count: 2
min: 6, max: 7, c: l, password: hplnxlsjnwxzllllljcj, count: 7
min: 4, max: 5, c: g, password: gfgml, count: 2
min: 4, max: 5, c: z, password: zwkznzn, count: 3
min: 4, max: 11, c: n, password: stnzhznnfnqcnn, count: 6
min: 2, max: 5, c: h, password: hmzhh, count: 3
min: 4, max: 6, c: w, password: wwbwwc, count: 4
min: 4, max: 11, c: w, password: vmwwrxpkwcp, count: 3
min: 4, max: 8, c: t, password: thxttstmtbstcvjtlflh, count: 7
min: 6, max: 8, c: v, password: hvvkvvhfm, count: 4
min: 16, max: 18, c: b, password: tbbbbbbbbbbbbbbbbr, count: 16
min: 8, max: 10, c: f, password: fffffffcfl, count: 8
min: 13, max: 15, c: r, password: rrrdrrrrrrrrrbr, count: 13
min: 8, max: 14, c: t, password: ztstxttttttttwz, count: 10
min: 8, max: 12, c: j, password: jgjjjjgjjjjx, count: 9
min: 5, max: 6, c: m, password: nmqjdmgfqqmcmmvndztl, count: 5
min: 2, max: 6, c: v, password: vwvvvvtv, count: 6
min: 15, max: 16, c: l, password: llllllllllllllll, count: 16
min: 3, max: 10, c: q, password: qqqqqqqqqxqq, count: 11
min: 8, max: 9, c: j, password: rggxhvjjjk, count: 3
min: 1, max: 3, c: p, password: pqhp, count: 2
min: 4, max: 11, c: z, password: nkjddzczjrzktvnckmg, count: 3
min: 5, max: 12, c: r, password: tfrdrswgwnbc, count: 2
min: 8, max: 13, c: r, password: rrrrrrrrrrrrrr, count: 14
min: 13, max: 18, c: x, password: xxmxvxxxxxxxhrxxxc, count: 13
min: 7, max: 8, c: z, password: zzkzzzzw, count: 6
min: 4, max: 8, c: m, password: mmmqmmskqlmmgm, count: 8
min: 1, max: 3, c: w, password: bmwg, count: 1
min: 1, max: 4, c: z, password: vzzzzzwz, count: 6
min: 3, max: 4, c: d, password: dqdw, count: 2
min: 2, max: 9, c: z, password: hzhqpndtllsw, count: 1
min: 10, max: 13, c: t, password: tttttttttttbjb, count: 11
min: 12, max: 14, c: r, password: rrrxrrsrrrgfrrr, count: 11
min: 12, max: 19, c: g, password: hdxnlgglxwrgzkggcwp, count: 5
min: 3, max: 4, c: x, password: qxjx, count: 2
min: 1, max: 2, c: r, password: rrpdlqhcnwwr, count: 3
min: 5, max: 11, c: c, password: vdbzvccdccldsjcq, count: 5
min: 4, max: 6, c: k, password: kxkwkk, count: 4
min: 16, max: 18, c: k, password: kkkknkkkkkkkfkkkkx, count: 15
min: 1, max: 2, c: q, password: tqtghddbk, count: 1
min: 7, max: 8, c: g, password: ggcgggvgg, count: 7
min: 13, max: 19, c: d, password: ddddddfjdddddfddddd, count: 16
min: 9, max: 15, c: z, password: pzhzzzzzqpzzzzzz, count: 12
min: 4, max: 5, c: l, password: lclld, count: 3
min: 2, max: 15, c: r, password: jrrmtzrxlczbttrcvkn, count: 4
min: 3, max: 5, c: z, password: zzzzc, count: 4
min: 15, max: 16, c: k, password: kkkckkdjnkkkkkkkkk, count: 14
min: 11, max: 13, c: m, password: mmmmmmmmwmmmzm, count: 12
min: 8, max: 13, c: p, password: ppdpptppdppxkppppppp, count: 15
min: 1, max: 3, c: g, password: gszcmgjg, count: 3
min: 5, max: 11, c: h, password: skbchhdbnphpbfl, count: 3
min: 4, max: 7, c: d, password: prdjctk, count: 1
min: 15, max: 18, c: f, password: ffcffffffffffzdffc, count: 14
min: 7, max: 11, c: g, password: npggtwgzgtgzhx, count: 5
min: 12, max: 14, c: m, password: mmmmmmmmmmmpmkm, count: 13
min: 10, max: 11, c: b, password: bbbbbbbbbbb, count: 11
min: 3, max: 16, c: k, password: kgxtvmlgpkptpghkb, count: 3
min: 4, max: 6, c: m, password: zcwmzmvqvgmmsxj, count: 4
min: 6, max: 15, c: m, password: mzmmccmmlmmrmlnl, count: 8
min: 12, max: 13, c: x, password: xxxxxxxxwxxxz, count: 11
min: 4, max: 5, c: d, password: mhvdtxfklzdpgdqdpqhd, count: 5
min: 5, max: 10, c: g, password: nghgggggggqg, count: 9
min: 7, max: 9, c: k, password: kkkkfkkkwk, count: 8
min: 6, max: 7, c: c, password: cvcvczncn, count: 4
min: 10, max: 11, c: t, password: tttqttttttv, count: 9
min: 18, max: 20, c: h, password: hfsqhkwfhttgfhmbghhx, count: 6
min: 6, max: 7, c: v, password: vgvvvwz, count: 4
min: 3, max: 4, c: z, password: zzzj, count: 3
min: 3, max: 5, c: d, password: dhqjnhgldtdzx, count: 3
min: 3, max: 4, c: b, password: jbrbbbbbbbblwb, count: 10
min: 12, max: 15, c: g, password: gsgfdfksrggqvgggjgt, count: 8
min: 6, max: 11, c: p, password: pmppnpqpdppdpppphpf, count: 12
min: 13, max: 14, c: z, password: zzzzgzbzzzzzgzz, count: 12
min: 4, max: 12, c: c, password: ccjcrvcnwccwctcczcp, count: 10
min: 10, max: 11, c: c, password: szcccfccfpcchqs, count: 7
min: 10, max: 14, c: l, password: lllllltgjlnlbprlll, count: 11
min: 12, max: 17, c: z, password: zhzzzxzpzzzfzzzqznz, count: 13
min: 12, max: 15, c: l, password: llllllllmvlvllfll, count: 13
min: 7, max: 12, c: c, password: ccccccncccccc, count: 12
min: 1, max: 5, c: m, password: mhmmzmm, count: 5
min: 11, max: 17, c: r, password: rrzrrwrrsrcrsmdrvrr, count: 11
min: 4, max: 5, c: w, password: fwwpwfw, count: 4
min: 7, max: 8, c: n, password: nnnnnnnk, count: 7
min: 3, max: 18, c: n, password: rxhzsscgbnmzpvbqmzf, count: 1
min: 4, max: 11, c: k, password: kkkkkkkkkkkxkkskkkdz, count: 16
min: 10, max: 11, c: c, password: cccccccccckcccccc, count: 16
min: 8, max: 15, c: r, password: zrrtfrjrrrrrjrrrrrr, count: 14
min: 15, max: 16, c: h, password: ghgvlhwgqslhhhhxmp, count: 6
min: 3, max: 5, c: f, password: ffffqf, count: 5
min: 3, max: 8, c: s, password: bssmfsgspxssgjhsjdv, count: 7
min: 3, max: 5, c: q, password: bfdhq, count: 1
min: 4, max: 7, c: k, password: qknkkkd, count: 4
min: 6, max: 9, c: b, password: bbbtbnfbbb, count: 7
min: 12, max: 14, c: x, password: xxxxxxxqxkxvxxwxxcw, count: 13
min: 3, max: 6, c: c, password: chfckc, count: 3
min: 3, max: 8, c: h, password: kzkhgrffz, count: 1
min: 10, max: 16, c: f, password: fffgjfffsvffdzfhfzff, count: 12
min: 1, max: 3, c: r, password: rgcr, count: 2
min: 16, max: 17, c: x, password: xxxxxdxxxxxxxxxxl, count: 15
min: 6, max: 11, c: j, password: rsjcjjcbpchkvfjpml, count: 4
min: 9, max: 10, c: s, password: sssqvsssjsss, count: 9
min: 17, max: 18, c: v, password: vvvvvvvvvvvvvvvvvv, count: 18
min: 3, max: 5, c: t, password: jtmtgtxxhzskzk, count: 3
min: 1, max: 6, c: t, password: ttqkvdgs, count: 2
min: 13, max: 16, c: q, password: qqqqqqhqqqqqzqqjqq, count: 15
min: 10, max: 11, c: b, password: bbbbbvbbbbw, count: 9
min: 6, max: 7, c: w, password: sgwmqwgwtbrllf, count: 3
min: 10, max: 11, c: f, password: ffffffftffff, count: 11
min: 12, max: 13, c: w, password: wwwwwwwwwwwzt, count: 11
min: 18, max: 19, c: t, password: ttttttttttttttttttt, count: 19
min: 1, max: 5, c: h, password: zghhr, count: 2
min: 1, max: 2, c: v, password: dvjnctwvlp, count: 2
min: 1, max: 2, c: j, password: jhzkzjh, count: 2
min: 3, max: 6, c: h, password: rhhbhhh, count: 5
min: 2, max: 4, c: d, password: dddrd, count: 4
min: 17, max: 18, c: s, password: ssssssssssssssssns, count: 17
min: 1, max: 8, c: m, password: smmmmmmmm, count: 8
min: 2, max: 4, c: s, password: dcfsbzwqq, count: 1
min: 11, max: 12, c: d, password: vnldqthkptgkkfdmtw, count: 2
min: 8, max: 12, c: p, password: vpppzpprppppp, count: 10
min: 6, max: 8, c: q, password: jqqqsphqjwrqj, count: 5
min: 8, max: 10, c: k, password: ktkkkkdkkkk, count: 9
min: 4, max: 12, c: v, password: nvvwvvvjzvvvv, count: 9
min: 5, max: 6, c: z, password: zzzzzt, count: 5
min: 1, max: 5, c: w, password: xwwwwwwww, count: 8
min: 11, max: 14, c: p, password: pppfbpppkpftdpkpgpp, count: 11
min: 2, max: 3, c: v, password: zrlv, count: 1
min: 2, max: 4, c: f, password: fbwff, count: 3
min: 5, max: 6, c: s, password: ssssmn, count: 4
min: 11, max: 12, c: z, password: zzwztpzpjzhz, count: 6
min: 5, max: 6, c: c, password: cccjcc, count: 5
min: 4, max: 6, c: v, password: vvvgpvcpwv, count: 5
min: 5, max: 6, c: j, password: jnzcpjnzjjcpsjfps, count: 5
min: 12, max: 14, c: m, password: tpzwjjgpbbdmgxgphd, count: 1
min: 13, max: 15, c: n, password: nznnnncnnnnnnnf, count: 12
min: 8, max: 11, c: w, password: qsxwnlhwwxw, count: 4
min: 6, max: 9, c: t, password: ltbdttnst, count: 4
min: 10, max: 12, c: t, password: hnjdfgrhtgkl, count: 1
min: 2, max: 4, c: d, password: dbddddc, count: 5
min: 13, max: 14, c: g, password: gggggggbgggmgmgm, count: 12
min: 4, max: 12, c: r, password: rrrzrgkrrrrkr, count: 9
min: 14, max: 17, c: n, password: nnhnnnnnnnnnnnnnhnn, count: 17
628
